2019-12-06 08:36:28,137 INFO org.springframework.context.support.PostProcessorRegistrationDelegate$BeanPostProcessorChecker [main] Bean 'org.springframework.cloud.autoconfigure.ConfigurationPropertiesRebinderAutoConfiguration' of type [org.springframework.cloud.autoconfigure.ConfigurationPropertiesRebinderAutoConfiguration$$EnhancerBySpringCGLIB$$d803b79c] is not eligible for getting processed by all BeanPostProcessors (for example: not eligible for auto-proxying)
2019-12-06 08:36:28,220 INFO org.springframework.boot.SpringApplication [main] No active profile set, falling back to default profiles: default
2019-12-06 08:36:28,948 INFO org.springframework.data.repository.config.RepositoryConfigurationDelegate [main] Bootstrapping Spring Data repositories in DEFAULT mode.
2019-12-06 08:36:29,130 INFO org.springframework.data.repository.config.RepositoryConfigurationDelegate [main] Finished Spring Data repository scanning in 176ms. Found 2 repository interfaces.
2019-12-06 08:36:29,251 WARN org.springframework.boot.actuate.endpoint.EndpointId [main] Endpoint ID 'service-registry' contains invalid characters, please migrate to a valid format.
2019-12-06 08:36:29,551 INFO org.springframework.cloud.context.scope.GenericScope [main] BeanFactory id=4d7fe9d7-c98b-3963-8023-5bdc3cdf2f7f
2019-12-06 08:36:29,569 INFO org.springframework.integration.config.DefaultConfiguringBeanFactoryPostProcessor [main] No bean named 'errorChannel' has been explicitly defined. Therefore, a default PublishSubscribeChannel will be created.
2019-12-06 08:36:29,572 INFO org.springframework.integration.config.DefaultConfiguringBeanFactoryPostProcessor [main] No bean named 'taskScheduler' has been explicitly defined. Therefore, a default ThreadPoolTaskScheduler will be created.
2019-12-06 08:36:29,576 INFO org.springframework.integration.config.DefaultConfiguringBeanFactoryPostProcessor [main] No bean named 'integrationHeaderChannelRegistry' has been explicitly defined. Therefore, a default DefaultHeaderChannelRegistry will be created.
2019-12-06 08:36:29,725 INFO org.springframework.context.support.PostProcessorRegistrationDelegate$BeanPostProcessorChecker [main] Bean 'org.springframework.transaction.annotation.ProxyTransactionManagementConfiguration' of type [org.springframework.transaction.annotation.ProxyTransactionManagementConfiguration$$EnhancerBySpringCGLIB$$bbe9b49f] is not eligible for getting processed by all BeanPostProcessors (for example: not eligible for auto-proxying)
2019-12-06 08:36:29,815 INFO org.springframework.context.support.PostProcessorRegistrationDelegate$BeanPostProcessorChecker [main] Bean 'org.springframework.integration.config.IntegrationManagementConfiguration' of type [org.springframework.integration.config.IntegrationManagementConfiguration$$EnhancerBySpringCGLIB$$26db6fce] is not eligible for getting processed by all BeanPostProcessors (for example: not eligible for auto-proxying)
2019-12-06 08:36:29,837 INFO org.springframework.context.support.PostProcessorRegistrationDelegate$BeanPostProcessorChecker [main] Bean 'integrationDisposableAutoCreatedBeans' of type [org.springframework.integration.config.annotation.Disposables] is not eligible for getting processed by all BeanPostProcessors (for example: not eligible for auto-proxying)
2019-12-06 08:36:29,869 INFO org.springframework.context.support.PostProcessorRegistrationDelegate$BeanPostProcessorChecker [main] Bean 'org.springframework.hateoas.config.HateoasConfiguration' of type [org.springframework.hateoas.config.HateoasConfiguration$$EnhancerBySpringCGLIB$$3b6a01d1] is not eligible for getting processed by all BeanPostProcessors (for example: not eligible for auto-proxying)
2019-12-06 08:36:29,883 INFO org.springframework.context.support.PostProcessorRegistrationDelegate$BeanPostProcessorChecker [main] Bean 'org.springframework.cloud.autoconfigure.ConfigurationPropertiesRebinderAutoConfiguration' of type [org.springframework.cloud.autoconfigure.ConfigurationPropertiesRebinderAutoConfiguration$$EnhancerBySpringCGLIB$$d803b79c] is not eligible for getting processed by all BeanPostProcessors (for example: not eligible for auto-proxying)
2019-12-06 08:36:30,268 INFO org.springframework.boot.web.embedded.tomcat.TomcatWebServer [main] Tomcat initialized with port(s): 8081 (http)
2019-12-06 08:36:30,285 INFO org.apache.juli.logging.DirectJDKLog [main] Initializing ProtocolHandler ["http-nio-8081"]
2019-12-06 08:36:30,298 INFO org.apache.juli.logging.DirectJDKLog [main] Starting service [Tomcat]
2019-12-06 08:36:30,298 INFO org.apache.juli.logging.DirectJDKLog [main] Starting Servlet engine: [Apache Tomcat/9.0.21]
2019-12-06 08:36:30,375 INFO org.apache.juli.logging.DirectJDKLog [main] Initializing Spring embedded WebApplicationContext
2019-12-06 08:36:30,375 INFO org.springframework.boot.web.servlet.context.ServletWebServerApplicationContext [main] Root WebApplicationContext: initialization completed in 2146 ms
2019-12-06 08:36:30,586 WARN com.netflix.config.sources.URLConfigurationSource [main] No URLs will be polled as dynamic configuration sources.
2019-12-06 08:36:30,586 INFO com.netflix.config.sources.URLConfigurationSource [main] To enable URLs as dynamic configuration sources, define System property archaius.configurationSource.additionalUrls or make config.properties available on classpath.
2019-12-06 08:36:30,602 INFO com.netflix.config.DynamicPropertyFactory [main] DynamicPropertyFactory is initialized with configuration sources: com.netflix.config.ConcurrentCompositeConfiguration@546ed2a0
2019-12-06 08:36:31,787 INFO com.zaxxer.hikari.HikariDataSource [main] HikariPool-1 - Starting...
2019-12-06 08:36:31,882 INFO com.zaxxer.hikari.HikariDataSource [main] HikariPool-1 - Start completed.
2019-12-06 08:36:31,942 INFO org.hibernate.jpa.internal.util.LogHelper [main] HHH000204: Processing PersistenceUnitInfo [
	name: default
	...]
2019-12-06 08:36:32,011 INFO org.hibernate.Version [main] HHH000412: Hibernate Core {5.3.10.Final}
2019-12-06 08:36:32,013 INFO org.hibernate.cfg.Environment [main] HHH000206: hibernate.properties not found
2019-12-06 08:36:32,144 INFO org.hibernate.annotations.common.reflection.java.JavaReflectionManager [main] HCANN000001: Hibernate Commons Annotations {5.0.4.Final}
2019-12-06 08:36:32,281 INFO org.hibernate.dialect.Dialect [main] HHH000400: Using dialect: org.hibernate.dialect.PostgreSQLDialect
2019-12-06 08:36:32,294 INFO org.hibernate.engine.jdbc.env.internal.LobCreatorBuilderImpl [main] HHH000422: Disabling contextual LOB creation as connection was null
2019-12-06 08:36:32,298 INFO org.hibernate.type.BasicTypeRegistry [main] HHH000270: Type registration [java.util.UUID] overrides previous : org.hibernate.type.UUIDBinaryType@495da9a7
2019-12-06 08:36:32,831 INFO org.springframework.orm.jpa.AbstractEntityManagerFactoryBean [main] Initialized JPA EntityManagerFactory for persistence unit 'default'
2019-12-06 08:36:33,202 INFO org.springframework.scheduling.concurrent.ExecutorConfigurationSupport [main] Initializing ExecutorService 'taskScheduler'
2019-12-06 08:36:33,742 WARN org.springframework.boot.autoconfigure.orm.jpa.JpaBaseConfiguration$JpaWebConfiguration$JpaWebMvcConfiguration [main] spring.jpa.open-in-view is enabled by default. Therefore, database queries may be performed during view rendering. Explicitly configure spring.jpa.open-in-view to disable this warning
2019-12-06 08:36:34,028 INFO com.pilon.example.item.rest.LoggingAspect [main] execution(WebMVCViewConfiguration.templateResolver())
2019-12-06 08:36:34,044 INFO com.pilon.example.item.rest.LoggingAspect [main] execution(WebMVCViewConfiguration.templateEngine())
2019-12-06 08:36:34,067 INFO com.pilon.example.item.rest.LoggingAspect [main] execution(WebMVCViewConfiguration.viewResolver())
2019-12-06 08:36:34,234 WARN com.netflix.config.sources.URLConfigurationSource [main] No URLs will be polled as dynamic configuration sources.
2019-12-06 08:36:34,234 INFO com.netflix.config.sources.URLConfigurationSource [main] To enable URLs as dynamic configuration sources, define System property archaius.configurationSource.additionalUrls or make config.properties available on classpath.
2019-12-06 08:36:35,334 INFO org.springframework.boot.actuate.endpoint.web.EndpointLinksResolver [main] Exposing 2 endpoint(s) beneath base path '/actuator'
2019-12-06 08:36:35,575 INFO org.springframework.integration.endpoint.EventDrivenConsumer [main] Adding {object-to-json-transformer:itemToJsonTransformer} as a subscriber to the 'itemChannel' channel
2019-12-06 08:36:35,576 INFO org.springframework.integration.channel.AbstractSubscribableChannel [main] Channel 'application-1.itemChannel' has 1 subscriber(s).
2019-12-06 08:36:35,576 INFO org.springframework.integration.endpoint.AbstractEndpoint [main] started itemToJsonTransformer
2019-12-06 08:36:35,576 INFO org.springframework.integration.endpoint.EventDrivenConsumer [main] Adding {jms:outbound-channel-adapter:itemOutboundChannelAdaper} as a subscriber to the 'itemJSONChannel' channel
2019-12-06 08:36:35,577 INFO org.springframework.integration.channel.AbstractSubscribableChannel [main] Channel 'application-1.itemJSONChannel' has 1 subscriber(s).
2019-12-06 08:36:35,577 INFO org.springframework.integration.endpoint.AbstractEndpoint [main] started itemOutboundChannelAdaper
2019-12-06 08:36:35,577 INFO org.springframework.integration.endpoint.EventDrivenConsumer [main] Adding {logging-channel-adapter:_org.springframework.integration.errorLogger} as a subscriber to the 'errorChannel' channel
2019-12-06 08:36:35,577 INFO org.springframework.integration.channel.AbstractSubscribableChannel [main] Channel 'application-1.errorChannel' has 1 subscriber(s).
2019-12-06 08:36:35,577 INFO org.springframework.integration.endpoint.AbstractEndpoint [main] started _org.springframework.integration.errorLogger
2019-12-06 08:36:35,577 INFO org.springframework.integration.endpoint.AbstractEndpoint [main] started itemGateway
2019-12-06 08:36:35,577 INFO org.springframework.integration.endpoint.AbstractEndpoint [main] started itemGateway
2019-12-06 08:36:35,596 INFO org.springframework.cloud.netflix.eureka.InstanceInfoFactory [main] Setting initial instance status as: STARTING
2019-12-06 08:36:35,668 INFO com.netflix.discovery.DiscoveryClient [main] Initializing Eureka in region us-east-1
2019-12-06 08:36:35,874 INFO com.netflix.discovery.provider.DiscoveryJerseyProvider [main] Using JSON encoding codec LegacyJacksonJson
2019-12-06 08:36:35,874 INFO com.netflix.discovery.provider.DiscoveryJerseyProvider [main] Using JSON decoding codec LegacyJacksonJson
2019-12-06 08:36:35,980 INFO com.netflix.discovery.provider.DiscoveryJerseyProvider [main] Using XML encoding codec XStreamXml
2019-12-06 08:36:35,981 INFO com.netflix.discovery.provider.DiscoveryJerseyProvider [main] Using XML decoding codec XStreamXml
2019-12-06 08:36:36,107 INFO com.netflix.discovery.shared.resolver.aws.ConfigClusterResolver [main] Resolving eureka endpoints via configuration
2019-12-06 08:36:36,124 INFO com.netflix.discovery.DiscoveryClient [main] Disable delta property : false
2019-12-06 08:36:36,124 INFO com.netflix.discovery.DiscoveryClient [main] Single vip registry refresh property : null
2019-12-06 08:36:36,124 INFO com.netflix.discovery.DiscoveryClient [main] Force full registry fetch : false
2019-12-06 08:36:36,124 INFO com.netflix.discovery.DiscoveryClient [main] Application is null : false
2019-12-06 08:36:36,125 INFO com.netflix.discovery.DiscoveryClient [main] Registered Applications size is zero : true
2019-12-06 08:36:36,125 INFO com.netflix.discovery.DiscoveryClient [main] Application version is -1: true
2019-12-06 08:36:36,125 INFO com.netflix.discovery.DiscoveryClient [main] Getting all instance registry info from the eureka server
2019-12-06 08:36:36,261 INFO com.netflix.discovery.DiscoveryClient [main] The response status is 200
2019-12-06 08:36:36,263 INFO com.netflix.discovery.DiscoveryClient [main] Starting heartbeat executor: renew interval is: 30
2019-12-06 08:36:36,265 INFO com.netflix.discovery.InstanceInfoReplicator [main] InstanceInfoReplicator onDemand update allowed rate per min is 4
2019-12-06 08:36:36,267 INFO com.netflix.discovery.DiscoveryClient [main] Discovery Client initialized at timestamp 1575642996266 with initial instances count: 1
2019-12-06 08:36:36,272 INFO org.springframework.cloud.netflix.eureka.serviceregistry.EurekaServiceRegistry [main] Registering application ITEM with eureka with status UP
2019-12-06 08:36:36,273 INFO com.netflix.discovery.DiscoveryClient$3 [main] Saw local status change event StatusChangeEvent [timestamp=1575642996273, current=UP, previous=STARTING]
2019-12-06 08:36:36,276 INFO com.netflix.discovery.DiscoveryClient [DiscoveryClient-InstanceInfoReplicator-0] DiscoveryClient_ITEM/msp42ctp110122.daugherty.com:item:8081: registering service...
2019-12-06 08:36:36,314 INFO org.apache.juli.logging.DirectJDKLog [main] Starting ProtocolHandler ["http-nio-8081"]
2019-12-06 08:36:36,315 INFO com.netflix.discovery.DiscoveryClient [DiscoveryClient-InstanceInfoReplicator-0] DiscoveryClient_ITEM/msp42ctp110122.daugherty.com:item:8081 - registration status: 204
2019-12-06 08:36:36,338 INFO org.springframework.boot.web.embedded.tomcat.TomcatWebServer [main] Tomcat started on port(s): 8081 (http) with context path ''
2019-12-06 08:36:36,339 INFO org.springframework.cloud.netflix.eureka.serviceregistry.EurekaAutoServiceRegistration [main] Updating port to 8081
2019-12-06 08:36:36,343 INFO org.springframework.boot.StartupInfoLogger [main] Started ItemService in 8.842 seconds (JVM running for 9.218)
2019-12-06 08:37:03,435 INFO org.apache.juli.logging.DirectJDKLog [http-nio-8081-exec-2] Initializing Spring DispatcherServlet 'dispatcherServlet'
2019-12-06 08:37:03,436 INFO org.springframework.web.servlet.FrameworkServlet [http-nio-8081-exec-2] Initializing Servlet 'dispatcherServlet'
2019-12-06 08:37:03,454 INFO org.springframework.web.servlet.FrameworkServlet [http-nio-8081-exec-2] Completed initialization in 18 ms
2019-12-06 08:37:03,484 INFO com.pilon.example.item.rest.LoggingAspect [http-nio-8081-exec-2] execution(ItemController.getItem(..))
2019-12-06 08:37:03,489 INFO com.pilon.example.item.rest.LoggingAspect [http-nio-8081-exec-2] execution(CrudRepository.findById(..))
2019-12-06 08:37:11,514 INFO org.springframework.cloud.netflix.eureka.serviceregistry.EurekaServiceRegistry [Thread-7] Unregistering application ITEM with eureka with status DOWN
2019-12-06 08:37:11,514 WARN com.netflix.discovery.DiscoveryClient$3 [Thread-7] Saw local status change event StatusChangeEvent [timestamp=1575643031514, current=DOWN, previous=UP]
2019-12-06 08:37:11,515 INFO com.netflix.discovery.DiscoveryClient [DiscoveryClient-InstanceInfoReplicator-0] DiscoveryClient_ITEM/msp42ctp110122.daugherty.com:item:8081: registering service...
2019-12-06 08:37:11,518 INFO org.springframework.integration.endpoint.AbstractEndpoint [Thread-7] stopped itemGateway
2019-12-06 08:37:11,518 INFO org.springframework.integration.endpoint.AbstractEndpoint [Thread-7] stopped itemGateway
2019-12-06 08:37:11,518 INFO org.springframework.integration.endpoint.EventDrivenConsumer [Thread-7] Removing {object-to-json-transformer:itemToJsonTransformer} as a subscriber to the 'itemChannel' channel
2019-12-06 08:37:11,519 INFO org.springframework.integration.channel.AbstractSubscribableChannel [Thread-7] Channel 'application-1.itemChannel' has 0 subscriber(s).
2019-12-06 08:37:11,519 INFO org.springframework.integration.endpoint.AbstractEndpoint [Thread-7] stopped itemToJsonTransformer
2019-12-06 08:37:11,519 INFO org.springframework.integration.endpoint.EventDrivenConsumer [Thread-7] Removing {jms:outbound-channel-adapter:itemOutboundChannelAdaper} as a subscriber to the 'itemJSONChannel' channel
2019-12-06 08:37:11,519 INFO org.springframework.integration.channel.AbstractSubscribableChannel [Thread-7] Channel 'application-1.itemJSONChannel' has 0 subscriber(s).
2019-12-06 08:37:11,519 INFO org.springframework.integration.endpoint.AbstractEndpoint [Thread-7] stopped itemOutboundChannelAdaper
2019-12-06 08:37:11,519 INFO org.springframework.integration.endpoint.EventDrivenConsumer [Thread-7] Removing {logging-channel-adapter:_org.springframework.integration.errorLogger} as a subscriber to the 'errorChannel' channel
2019-12-06 08:37:11,520 INFO org.springframework.integration.channel.AbstractSubscribableChannel [Thread-7] Channel 'application-1.errorChannel' has 0 subscriber(s).
2019-12-06 08:37:11,520 INFO org.springframework.integration.endpoint.AbstractEndpoint [Thread-7] stopped _org.springframework.integration.errorLogger
2019-12-06 08:37:11,523 INFO com.netflix.discovery.DiscoveryClient [DiscoveryClient-InstanceInfoReplicator-0] DiscoveryClient_ITEM/msp42ctp110122.daugherty.com:item:8081 - registration status: 204
2019-12-06 08:37:11,526 INFO org.springframework.scheduling.concurrent.ExecutorConfigurationSupport [Thread-7] Shutting down ExecutorService 'taskScheduler'
2019-12-06 08:37:11,527 INFO org.springframework.orm.jpa.AbstractEntityManagerFactoryBean [Thread-7] Closing JPA EntityManagerFactory for persistence unit 'default'
2019-12-06 08:37:11,530 INFO com.netflix.discovery.DiscoveryClient [Thread-7] Shutting down DiscoveryClient ...
2019-12-06 08:37:14,532 INFO com.netflix.discovery.DiscoveryClient [Thread-7] Unregistering ...
2019-12-06 08:37:14,541 INFO com.netflix.discovery.DiscoveryClient [Thread-7] DiscoveryClient_ITEM/msp42ctp110122.daugherty.com:item:8081 - deregister  status: 200
2019-12-06 08:37:14,551 INFO com.netflix.discovery.DiscoveryClient [Thread-7] Completed shut down of DiscoveryClient
2019-12-06 08:37:14,551 INFO com.zaxxer.hikari.HikariDataSource [Thread-7] HikariPool-1 - Shutdown initiated...
2019-12-06 08:37:14,555 INFO com.zaxxer.hikari.HikariDataSource [Thread-7] HikariPool-1 - Shutdown completed.
2019-12-06 08:37:41,719 INFO org.springframework.context.support.PostProcessorRegistrationDelegate$BeanPostProcessorChecker [main] Bean 'org.springframework.cloud.autoconfigure.ConfigurationPropertiesRebinderAutoConfiguration' of type [org.springframework.cloud.autoconfigure.ConfigurationPropertiesRebinderAutoConfiguration$$EnhancerBySpringCGLIB$$fb4817aa] is not eligible for getting processed by all BeanPostProcessors (for example: not eligible for auto-proxying)
2019-12-06 08:37:42,584 INFO org.springframework.data.repository.config.RepositoryConfigurationDelegate [main] Bootstrapping Spring Data repositories in DEFAULT mode.
2019-12-06 08:37:42,765 INFO org.springframework.data.repository.config.RepositoryConfigurationDelegate [main] Finished Spring Data repository scanning in 175ms. Found 2 repository interfaces.
2019-12-06 08:37:42,880 WARN org.springframework.boot.actuate.endpoint.EndpointId [main] Endpoint ID 'service-registry' contains invalid characters, please migrate to a valid format.
2019-12-06 08:37:43,164 INFO org.springframework.cloud.context.scope.GenericScope [main] BeanFactory id=4d7fe9d7-c98b-3963-8023-5bdc3cdf2f7f
2019-12-06 08:37:43,181 INFO org.springframework.integration.config.DefaultConfiguringBeanFactoryPostProcessor [main] No bean named 'errorChannel' has been explicitly defined. Therefore, a default PublishSubscribeChannel will be created.
2019-12-06 08:37:43,184 INFO org.springframework.integration.config.DefaultConfiguringBeanFactoryPostProcessor [main] No bean named 'taskScheduler' has been explicitly defined. Therefore, a default ThreadPoolTaskScheduler will be created.
2019-12-06 08:37:43,189 INFO org.springframework.integration.config.DefaultConfiguringBeanFactoryPostProcessor [main] No bean named 'integrationHeaderChannelRegistry' has been explicitly defined. Therefore, a default DefaultHeaderChannelRegistry will be created.
2019-12-06 08:37:43,331 INFO org.springframework.context.support.PostProcessorRegistrationDelegate$BeanPostProcessorChecker [main] Bean 'org.springframework.transaction.annotation.ProxyTransactionManagementConfiguration' of type [org.springframework.transaction.annotation.ProxyTransactionManagementConfiguration$$EnhancerBySpringCGLIB$$df2e14ad] is not eligible for getting processed by all BeanPostProcessors (for example: not eligible for auto-proxying)
2019-12-06 08:37:43,424 INFO org.springframework.context.support.PostProcessorRegistrationDelegate$BeanPostProcessorChecker [main] Bean 'org.springframework.integration.config.IntegrationManagementConfiguration' of type [org.springframework.integration.config.IntegrationManagementConfiguration$$EnhancerBySpringCGLIB$$4a1fcfdc] is not eligible for getting processed by all BeanPostProcessors (for example: not eligible for auto-proxying)
2019-12-06 08:37:43,445 INFO org.springframework.context.support.PostProcessorRegistrationDelegate$BeanPostProcessorChecker [main] Bean 'integrationDisposableAutoCreatedBeans' of type [org.springframework.integration.config.annotation.Disposables] is not eligible for getting processed by all BeanPostProcessors (for example: not eligible for auto-proxying)
2019-12-06 08:37:43,477 INFO org.springframework.context.support.PostProcessorRegistrationDelegate$BeanPostProcessorChecker [main] Bean 'org.springframework.hateoas.config.HateoasConfiguration' of type [org.springframework.hateoas.config.HateoasConfiguration$$EnhancerBySpringCGLIB$$5eae61df] is not eligible for getting processed by all BeanPostProcessors (for example: not eligible for auto-proxying)
2019-12-06 08:37:43,491 INFO org.springframework.context.support.PostProcessorRegistrationDelegate$BeanPostProcessorChecker [main] Bean 'org.springframework.cloud.autoconfigure.ConfigurationPropertiesRebinderAutoConfiguration' of type [org.springframework.cloud.autoconfigure.ConfigurationPropertiesRebinderAutoConfiguration$$EnhancerBySpringCGLIB$$fb4817aa] is not eligible for getting processed by all BeanPostProcessors (for example: not eligible for auto-proxying)
2019-12-06 08:37:43,848 INFO org.springframework.boot.web.embedded.tomcat.TomcatWebServer [main] Tomcat initialized with port(s): 8081 (http)
2019-12-06 08:37:43,867 INFO org.apache.juli.logging.DirectJDKLog [main] Initializing ProtocolHandler ["http-nio-8081"]
2019-12-06 08:37:43,881 INFO org.apache.juli.logging.DirectJDKLog [main] Starting service [Tomcat]
2019-12-06 08:37:43,881 INFO org.apache.juli.logging.DirectJDKLog [main] Starting Servlet engine: [Apache Tomcat/9.0.21]
2019-12-06 08:37:43,950 INFO org.apache.juli.logging.DirectJDKLog [main] Initializing Spring embedded WebApplicationContext
2019-12-06 08:37:43,950 INFO org.springframework.boot.web.servlet.context.ServletWebServerApplicationContext [main] Root WebApplicationContext: initialization completed in 2077 ms
2019-12-06 08:37:44,159 WARN com.netflix.config.sources.URLConfigurationSource [main] No URLs will be polled as dynamic configuration sources.
2019-12-06 08:37:44,160 INFO com.netflix.config.sources.URLConfigurationSource [main] To enable URLs as dynamic configuration sources, define System property archaius.configurationSource.additionalUrls or make config.properties available on classpath.
2019-12-06 08:37:44,172 INFO com.netflix.config.DynamicPropertyFactory [main] DynamicPropertyFactory is initialized with configuration sources: com.netflix.config.ConcurrentCompositeConfiguration@4652c74d
2019-12-06 08:37:45,253 INFO com.zaxxer.hikari.HikariDataSource [main] HikariPool-1 - Starting...
2019-12-06 08:37:45,349 INFO com.zaxxer.hikari.HikariDataSource [main] HikariPool-1 - Start completed.
2019-12-06 08:37:45,404 INFO org.hibernate.jpa.internal.util.LogHelper [main] HHH000204: Processing PersistenceUnitInfo [
	name: default
	...]
2019-12-06 08:37:45,469 INFO org.hibernate.Version [main] HHH000412: Hibernate Core {5.3.10.Final}
2019-12-06 08:37:45,471 INFO org.hibernate.cfg.Environment [main] HHH000206: hibernate.properties not found
2019-12-06 08:37:45,600 INFO org.hibernate.annotations.common.reflection.java.JavaReflectionManager [main] HCANN000001: Hibernate Commons Annotations {5.0.4.Final}
2019-12-06 08:37:45,711 INFO org.hibernate.dialect.Dialect [main] HHH000400: Using dialect: org.hibernate.dialect.PostgreSQLDialect
2019-12-06 08:37:45,724 INFO org.hibernate.engine.jdbc.env.internal.LobCreatorBuilderImpl [main] HHH000422: Disabling contextual LOB creation as connection was null
2019-12-06 08:37:45,729 INFO org.hibernate.type.BasicTypeRegistry [main] HHH000270: Type registration [java.util.UUID] overrides previous : org.hibernate.type.UUIDBinaryType@2166c48a
2019-12-06 08:37:46,266 INFO org.springframework.orm.jpa.AbstractEntityManagerFactoryBean [main] Initialized JPA EntityManagerFactory for persistence unit 'default'
2019-12-06 08:37:46,666 INFO org.springframework.scheduling.concurrent.ExecutorConfigurationSupport [main] Initializing ExecutorService 'taskScheduler'
2019-12-06 08:37:47,173 WARN org.springframework.boot.autoconfigure.orm.jpa.JpaBaseConfiguration$JpaWebConfiguration$JpaWebMvcConfiguration [main] spring.jpa.open-in-view is enabled by default. Therefore, database queries may be performed during view rendering. Explicitly configure spring.jpa.open-in-view to disable this warning
2019-12-06 08:37:47,685 WARN com.netflix.config.sources.URLConfigurationSource [main] No URLs will be polled as dynamic configuration sources.
2019-12-06 08:37:47,685 INFO com.netflix.config.sources.URLConfigurationSource [main] To enable URLs as dynamic configuration sources, define System property archaius.configurationSource.additionalUrls or make config.properties available on classpath.
2019-12-06 08:37:48,772 INFO org.springframework.boot.actuate.endpoint.web.EndpointLinksResolver [main] Exposing 2 endpoint(s) beneath base path '/actuator'
2019-12-06 08:37:48,967 INFO org.springframework.integration.endpoint.EventDrivenConsumer [main] Adding {object-to-json-transformer:itemToJsonTransformer} as a subscriber to the 'itemChannel' channel
2019-12-06 08:37:48,968 INFO org.springframework.integration.channel.AbstractSubscribableChannel [main] Channel 'application-1.itemChannel' has 1 subscriber(s).
2019-12-06 08:37:48,968 INFO org.springframework.integration.endpoint.AbstractEndpoint [main] started itemToJsonTransformer
2019-12-06 08:37:48,968 INFO org.springframework.integration.endpoint.EventDrivenConsumer [main] Adding {jms:outbound-channel-adapter:itemOutboundChannelAdaper} as a subscriber to the 'itemJSONChannel' channel
2019-12-06 08:37:48,968 INFO org.springframework.integration.channel.AbstractSubscribableChannel [main] Channel 'application-1.itemJSONChannel' has 1 subscriber(s).
2019-12-06 08:37:48,968 INFO org.springframework.integration.endpoint.AbstractEndpoint [main] started itemOutboundChannelAdaper
2019-12-06 08:37:48,969 INFO org.springframework.integration.endpoint.EventDrivenConsumer [main] Adding {logging-channel-adapter:_org.springframework.integration.errorLogger} as a subscriber to the 'errorChannel' channel
2019-12-06 08:37:48,969 INFO org.springframework.integration.channel.AbstractSubscribableChannel [main] Channel 'application-1.errorChannel' has 1 subscriber(s).
2019-12-06 08:37:48,969 INFO org.springframework.integration.endpoint.AbstractEndpoint [main] started _org.springframework.integration.errorLogger
2019-12-06 08:37:48,969 INFO org.springframework.integration.endpoint.AbstractEndpoint [main] started itemGateway
2019-12-06 08:37:48,969 INFO org.springframework.integration.endpoint.AbstractEndpoint [main] started itemGateway
2019-12-06 08:37:48,985 INFO org.springframework.cloud.netflix.eureka.InstanceInfoFactory [main] Setting initial instance status as: STARTING
2019-12-06 08:37:49,030 INFO com.netflix.discovery.DiscoveryClient [main] Initializing Eureka in region us-east-1
2019-12-06 08:37:49,217 INFO com.netflix.discovery.provider.DiscoveryJerseyProvider [main] Using JSON encoding codec LegacyJacksonJson
2019-12-06 08:37:49,217 INFO com.netflix.discovery.provider.DiscoveryJerseyProvider [main] Using JSON decoding codec LegacyJacksonJson
2019-12-06 08:37:49,318 INFO com.netflix.discovery.provider.DiscoveryJerseyProvider [main] Using XML encoding codec XStreamXml
2019-12-06 08:37:49,318 INFO com.netflix.discovery.provider.DiscoveryJerseyProvider [main] Using XML decoding codec XStreamXml
2019-12-06 08:37:49,439 INFO com.netflix.discovery.shared.resolver.aws.ConfigClusterResolver [main] Resolving eureka endpoints via configuration
2019-12-06 08:37:49,455 INFO com.netflix.discovery.DiscoveryClient [main] Disable delta property : false
2019-12-06 08:37:49,455 INFO com.netflix.discovery.DiscoveryClient [main] Single vip registry refresh property : null
2019-12-06 08:37:49,455 INFO com.netflix.discovery.DiscoveryClient [main] Force full registry fetch : false
2019-12-06 08:37:49,455 INFO com.netflix.discovery.DiscoveryClient [main] Application is null : false
2019-12-06 08:37:49,456 INFO com.netflix.discovery.DiscoveryClient [main] Registered Applications size is zero : true
2019-12-06 08:37:49,456 INFO com.netflix.discovery.DiscoveryClient [main] Application version is -1: true
2019-12-06 08:37:49,456 INFO com.netflix.discovery.DiscoveryClient [main] Getting all instance registry info from the eureka server
2019-12-06 08:37:49,586 INFO com.netflix.discovery.DiscoveryClient [main] The response status is 200
2019-12-06 08:37:49,588 INFO com.netflix.discovery.DiscoveryClient [main] Starting heartbeat executor: renew interval is: 30
2019-12-06 08:37:49,590 INFO com.netflix.discovery.InstanceInfoReplicator [main] InstanceInfoReplicator onDemand update allowed rate per min is 4
2019-12-06 08:37:49,593 INFO com.netflix.discovery.DiscoveryClient [main] Discovery Client initialized at timestamp 1575643069592 with initial instances count: 1
2019-12-06 08:37:49,598 INFO org.springframework.cloud.netflix.eureka.serviceregistry.EurekaServiceRegistry [main] Registering application ITEM with eureka with status UP
2019-12-06 08:37:49,598 INFO com.netflix.discovery.DiscoveryClient$3 [main] Saw local status change event StatusChangeEvent [timestamp=1575643069598, current=UP, previous=STARTING]
2019-12-06 08:37:49,602 INFO com.netflix.discovery.DiscoveryClient [DiscoveryClient-InstanceInfoReplicator-0] DiscoveryClient_ITEM/msp42ctp110122.daugherty.com:item:8081: registering service...
2019-12-06 08:37:49,638 INFO org.apache.juli.logging.DirectJDKLog [main] Starting ProtocolHandler ["http-nio-8081"]
2019-12-06 08:37:49,639 INFO com.netflix.discovery.DiscoveryClient [DiscoveryClient-InstanceInfoReplicator-0] DiscoveryClient_ITEM/msp42ctp110122.daugherty.com:item:8081 - registration status: 204
2019-12-06 08:37:49,661 INFO org.springframework.boot.web.embedded.tomcat.TomcatWebServer [main] Tomcat started on port(s): 8081 (http) with context path ''
2019-12-06 08:37:49,662 INFO org.springframework.cloud.netflix.eureka.serviceregistry.EurekaAutoServiceRegistration [main] Updating port to 8081
2019-12-06 08:37:58,346 INFO org.apache.juli.logging.DirectJDKLog [http-nio-8081-exec-1] Initializing Spring DispatcherServlet 'dispatcherServlet'
2019-12-06 08:37:58,347 INFO org.springframework.web.servlet.FrameworkServlet [http-nio-8081-exec-1] Initializing Servlet 'dispatcherServlet'
2019-12-06 08:37:58,365 INFO org.springframework.web.servlet.FrameworkServlet [http-nio-8081-exec-1] Completed initialization in 18 ms
2019-12-06 08:38:53,143 INFO org.springframework.cloud.netflix.eureka.serviceregistry.EurekaServiceRegistry [Thread-7] Unregistering application ITEM with eureka with status DOWN
2019-12-06 08:38:53,144 WARN com.netflix.discovery.DiscoveryClient$3 [Thread-7] Saw local status change event StatusChangeEvent [timestamp=1575643133144, current=DOWN, previous=UP]
2019-12-06 08:38:53,144 INFO com.netflix.discovery.DiscoveryClient [DiscoveryClient-InstanceInfoReplicator-0] DiscoveryClient_ITEM/msp42ctp110122.daugherty.com:item:8081: registering service...
2019-12-06 08:38:53,147 INFO org.springframework.integration.endpoint.AbstractEndpoint [Thread-7] stopped itemGateway
2019-12-06 08:38:53,147 INFO org.springframework.integration.endpoint.AbstractEndpoint [Thread-7] stopped itemGateway
2019-12-06 08:38:53,147 INFO org.springframework.integration.endpoint.EventDrivenConsumer [Thread-7] Removing {object-to-json-transformer:itemToJsonTransformer} as a subscriber to the 'itemChannel' channel
2019-12-06 08:38:53,148 INFO org.springframework.integration.channel.AbstractSubscribableChannel [Thread-7] Channel 'application-1.itemChannel' has 0 subscriber(s).
2019-12-06 08:38:53,148 INFO org.springframework.integration.endpoint.AbstractEndpoint [Thread-7] stopped itemToJsonTransformer
2019-12-06 08:38:53,148 INFO org.springframework.integration.endpoint.EventDrivenConsumer [Thread-7] Removing {jms:outbound-channel-adapter:itemOutboundChannelAdaper} as a subscriber to the 'itemJSONChannel' channel
2019-12-06 08:38:53,148 INFO org.springframework.integration.channel.AbstractSubscribableChannel [Thread-7] Channel 'application-1.itemJSONChannel' has 0 subscriber(s).
2019-12-06 08:38:53,148 INFO org.springframework.integration.endpoint.AbstractEndpoint [Thread-7] stopped itemOutboundChannelAdaper
2019-12-06 08:38:53,148 INFO org.springframework.integration.endpoint.EventDrivenConsumer [Thread-7] Removing {logging-channel-adapter:_org.springframework.integration.errorLogger} as a subscriber to the 'errorChannel' channel
2019-12-06 08:38:53,149 INFO org.springframework.integration.channel.AbstractSubscribableChannel [Thread-7] Channel 'application-1.errorChannel' has 0 subscriber(s).
2019-12-06 08:38:53,149 INFO org.springframework.integration.endpoint.AbstractEndpoint [Thread-7] stopped _org.springframework.integration.errorLogger
2019-12-06 08:38:53,151 INFO com.netflix.discovery.DiscoveryClient [DiscoveryClient-InstanceInfoReplicator-0] DiscoveryClient_ITEM/msp42ctp110122.daugherty.com:item:8081 - registration status: 204
2019-12-06 08:38:53,154 INFO org.springframework.scheduling.concurrent.ExecutorConfigurationSupport [Thread-7] Shutting down ExecutorService 'taskScheduler'
2019-12-06 08:38:53,156 INFO org.springframework.orm.jpa.AbstractEntityManagerFactoryBean [Thread-7] Closing JPA EntityManagerFactory for persistence unit 'default'
2019-12-06 08:38:53,159 INFO com.netflix.discovery.DiscoveryClient [Thread-7] Shutting down DiscoveryClient ...
2019-12-06 08:38:56,160 INFO com.netflix.discovery.DiscoveryClient [Thread-7] Unregistering ...
2019-12-06 08:38:56,169 INFO com.netflix.discovery.DiscoveryClient [Thread-7] DiscoveryClient_ITEM/msp42ctp110122.daugherty.com:item:8081 - deregister  status: 200
2019-12-06 08:38:56,178 INFO com.netflix.discovery.DiscoveryClient [Thread-7] Completed shut down of DiscoveryClient
2019-12-06 08:38:56,178 INFO com.zaxxer.hikari.HikariDataSource [Thread-7] HikariPool-1 - Shutdown initiated...
2019-12-06 08:38:56,182 INFO com.zaxxer.hikari.HikariDataSource [Thread-7] HikariPool-1 - Shutdown completed.
2019-12-06 08:39:00,183 INFO org.springframework.context.support.PostProcessorRegistrationDelegate$BeanPostProcessorChecker [main] Bean 'org.springframework.cloud.autoconfigure.ConfigurationPropertiesRebinderAutoConfiguration' of type [org.springframework.cloud.autoconfigure.ConfigurationPropertiesRebinderAutoConfiguration$$EnhancerBySpringCGLIB$$99a62683] is not eligible for getting processed by all BeanPostProcessors (for example: not eligible for auto-proxying)
2019-12-06 08:39:00,269 INFO org.springframework.boot.SpringApplication [main] No active profile set, falling back to default profiles: default
2019-12-06 08:39:01,062 INFO org.springframework.data.repository.config.RepositoryConfigurationDelegate [main] Bootstrapping Spring Data repositories in DEFAULT mode.
2019-12-06 08:39:01,253 INFO org.springframework.data.repository.config.RepositoryConfigurationDelegate [main] Finished Spring Data repository scanning in 184ms. Found 2 repository interfaces.
2019-12-06 08:39:01,370 WARN org.springframework.boot.actuate.endpoint.EndpointId [main] Endpoint ID 'service-registry' contains invalid characters, please migrate to a valid format.
2019-12-06 08:39:01,650 INFO org.springframework.cloud.context.scope.GenericScope [main] BeanFactory id=4d7fe9d7-c98b-3963-8023-5bdc3cdf2f7f
2019-12-06 08:39:01,672 INFO org.springframework.integration.config.DefaultConfiguringBeanFactoryPostProcessor [main] No bean named 'errorChannel' has been explicitly defined. Therefore, a default PublishSubscribeChannel will be created.
2019-12-06 08:39:01,674 INFO org.springframework.integration.config.DefaultConfiguringBeanFactoryPostProcessor [main] No bean named 'taskScheduler' has been explicitly defined. Therefore, a default ThreadPoolTaskScheduler will be created.
2019-12-06 08:39:01,680 INFO org.springframework.integration.config.DefaultConfiguringBeanFactoryPostProcessor [main] No bean named 'integrationHeaderChannelRegistry' has been explicitly defined. Therefore, a default DefaultHeaderChannelRegistry will be created.
2019-12-06 08:39:01,848 INFO org.springframework.context.support.PostProcessorRegistrationDelegate$BeanPostProcessorChecker [main] Bean 'org.springframework.transaction.annotation.ProxyTransactionManagementConfiguration' of type [org.springframework.transaction.annotation.ProxyTransactionManagementConfiguration$$EnhancerBySpringCGLIB$$7d8c2386] is not eligible for getting processed by all BeanPostProcessors (for example: not eligible for auto-proxying)
2019-12-06 08:39:01,956 INFO org.springframework.context.support.PostProcessorRegistrationDelegate$BeanPostProcessorChecker [main] Bean 'org.springframework.integration.config.IntegrationManagementConfiguration' of type [org.springframework.integration.config.IntegrationManagementConfiguration$$EnhancerBySpringCGLIB$$e87ddeb5] is not eligible for getting processed by all BeanPostProcessors (for example: not eligible for auto-proxying)
2019-12-06 08:39:01,981 INFO org.springframework.context.support.PostProcessorRegistrationDelegate$BeanPostProcessorChecker [main] Bean 'integrationDisposableAutoCreatedBeans' of type [org.springframework.integration.config.annotation.Disposables] is not eligible for getting processed by all BeanPostProcessors (for example: not eligible for auto-proxying)
2019-12-06 08:39:02,016 INFO org.springframework.context.support.PostProcessorRegistrationDelegate$BeanPostProcessorChecker [main] Bean 'org.springframework.hateoas.config.HateoasConfiguration' of type [org.springframework.hateoas.config.HateoasConfiguration$$EnhancerBySpringCGLIB$$fd0c70b8] is not eligible for getting processed by all BeanPostProcessors (for example: not eligible for auto-proxying)
2019-12-06 08:39:02,031 INFO org.springframework.context.support.PostProcessorRegistrationDelegate$BeanPostProcessorChecker [main] Bean 'org.springframework.cloud.autoconfigure.ConfigurationPropertiesRebinderAutoConfiguration' of type [org.springframework.cloud.autoconfigure.ConfigurationPropertiesRebinderAutoConfiguration$$EnhancerBySpringCGLIB$$99a62683] is not eligible for getting processed by all BeanPostProcessors (for example: not eligible for auto-proxying)
2019-12-06 08:39:02,519 INFO org.springframework.boot.web.embedded.tomcat.TomcatWebServer [main] Tomcat initialized with port(s): 8081 (http)
2019-12-06 08:39:02,538 INFO org.apache.juli.logging.DirectJDKLog [main] Initializing ProtocolHandler ["http-nio-8081"]
2019-12-06 08:39:02,552 INFO org.apache.juli.logging.DirectJDKLog [main] Starting service [Tomcat]
2019-12-06 08:39:02,553 INFO org.apache.juli.logging.DirectJDKLog [main] Starting Servlet engine: [Apache Tomcat/9.0.21]
2019-12-06 08:39:02,647 INFO org.apache.juli.logging.DirectJDKLog [main] Initializing Spring embedded WebApplicationContext
2019-12-06 08:39:02,647 INFO org.springframework.boot.web.servlet.context.ServletWebServerApplicationContext [main] Root WebApplicationContext: initialization completed in 2367 ms
2019-12-06 08:39:02,924 WARN com.netflix.config.sources.URLConfigurationSource [main] No URLs will be polled as dynamic configuration sources.
2019-12-06 08:39:02,924 INFO com.netflix.config.sources.URLConfigurationSource [main] To enable URLs as dynamic configuration sources, define System property archaius.configurationSource.additionalUrls or make config.properties available on classpath.
2019-12-06 08:39:02,941 INFO com.netflix.config.DynamicPropertyFactory [main] DynamicPropertyFactory is initialized with configuration sources: com.netflix.config.ConcurrentCompositeConfiguration@4e1a3d5a
2019-12-06 08:39:04,575 INFO com.zaxxer.hikari.HikariDataSource [main] HikariPool-1 - Starting...
2019-12-06 08:39:04,694 INFO com.zaxxer.hikari.HikariDataSource [main] HikariPool-1 - Start completed.
2019-12-06 08:39:04,776 INFO org.hibernate.jpa.internal.util.LogHelper [main] HHH000204: Processing PersistenceUnitInfo [
	name: default
	...]
2019-12-06 08:39:04,850 INFO org.hibernate.Version [main] HHH000412: Hibernate Core {5.3.10.Final}
2019-12-06 08:39:04,852 INFO org.hibernate.cfg.Environment [main] HHH000206: hibernate.properties not found
2019-12-06 08:39:04,984 INFO org.hibernate.annotations.common.reflection.java.JavaReflectionManager [main] HCANN000001: Hibernate Commons Annotations {5.0.4.Final}
2019-12-06 08:39:05,207 INFO org.hibernate.dialect.Dialect [main] HHH000400: Using dialect: org.hibernate.dialect.PostgreSQLDialect
2019-12-06 08:39:05,220 INFO org.hibernate.engine.jdbc.env.internal.LobCreatorBuilderImpl [main] HHH000422: Disabling contextual LOB creation as connection was null
2019-12-06 08:39:05,225 INFO org.hibernate.type.BasicTypeRegistry [main] HHH000270: Type registration [java.util.UUID] overrides previous : org.hibernate.type.UUIDBinaryType@446981a4
2019-12-06 08:39:05,708 INFO org.springframework.orm.jpa.AbstractEntityManagerFactoryBean [main] Initialized JPA EntityManagerFactory for persistence unit 'default'
2019-12-06 08:39:06,196 INFO org.springframework.scheduling.concurrent.ExecutorConfigurationSupport [main] Initializing ExecutorService 'taskScheduler'
2019-12-06 08:39:06,937 WARN org.springframework.boot.autoconfigure.orm.jpa.JpaBaseConfiguration$JpaWebConfiguration$JpaWebMvcConfiguration [main] spring.jpa.open-in-view is enabled by default. Therefore, database queries may be performed during view rendering. Explicitly configure spring.jpa.open-in-view to disable this warning
2019-12-06 08:39:07,340 INFO com.pilon.example.item.rest.LoggingAspect [main] execution(WebMVCViewConfiguration.templateResolver())
2019-12-06 08:39:12,057 INFO com.pilon.example.item.rest.LoggingAspect [main] execution(WebMVCViewConfiguration.templateEngine())
2019-12-06 08:39:12,085 INFO com.pilon.example.item.rest.LoggingAspect [main] execution(WebMVCViewConfiguration.viewResolver())
2019-12-06 08:39:12,299 WARN com.netflix.config.sources.URLConfigurationSource [main] No URLs will be polled as dynamic configuration sources.
2019-12-06 08:39:12,299 INFO com.netflix.config.sources.URLConfigurationSource [main] To enable URLs as dynamic configuration sources, define System property archaius.configurationSource.additionalUrls or make config.properties available on classpath.
2019-12-06 08:39:13,876 INFO org.springframework.boot.actuate.endpoint.web.EndpointLinksResolver [main] Exposing 2 endpoint(s) beneath base path '/actuator'
2019-12-06 08:39:14,195 INFO org.springframework.integration.endpoint.EventDrivenConsumer [main] Adding {object-to-json-transformer:itemToJsonTransformer} as a subscriber to the 'itemChannel' channel
2019-12-06 08:39:14,196 INFO org.springframework.integration.channel.AbstractSubscribableChannel [main] Channel 'application-1.itemChannel' has 1 subscriber(s).
2019-12-06 08:39:14,196 INFO org.springframework.integration.endpoint.AbstractEndpoint [main] started itemToJsonTransformer
2019-12-06 08:39:14,196 INFO org.springframework.integration.endpoint.EventDrivenConsumer [main] Adding {jms:outbound-channel-adapter:itemOutboundChannelAdaper} as a subscriber to the 'itemJSONChannel' channel
2019-12-06 08:39:14,196 INFO org.springframework.integration.channel.AbstractSubscribableChannel [main] Channel 'application-1.itemJSONChannel' has 1 subscriber(s).
2019-12-06 08:39:14,196 INFO org.springframework.integration.endpoint.AbstractEndpoint [main] started itemOutboundChannelAdaper
2019-12-06 08:39:14,198 INFO org.springframework.integration.endpoint.EventDrivenConsumer [main] Adding {logging-channel-adapter:_org.springframework.integration.errorLogger} as a subscriber to the 'errorChannel' channel
2019-12-06 08:39:14,198 INFO org.springframework.integration.channel.AbstractSubscribableChannel [main] Channel 'application-1.errorChannel' has 1 subscriber(s).
2019-12-06 08:39:14,199 INFO org.springframework.integration.endpoint.AbstractEndpoint [main] started _org.springframework.integration.errorLogger
2019-12-06 08:39:14,199 INFO org.springframework.integration.endpoint.AbstractEndpoint [main] started itemGateway
2019-12-06 08:39:14,199 INFO org.springframework.integration.endpoint.AbstractEndpoint [main] started itemGateway
2019-12-06 08:39:14,221 INFO org.springframework.cloud.netflix.eureka.InstanceInfoFactory [main] Setting initial instance status as: STARTING
2019-12-06 08:39:15,009 INFO org.springframework.cloud.netflix.eureka.serviceregistry.EurekaServiceRegistry [main] Registering application ITEM with eureka with status UP
2019-12-06 08:39:15,052 INFO org.apache.juli.logging.DirectJDKLog [main] Starting ProtocolHandler ["http-nio-8081"]
2019-12-06 08:39:15,079 INFO org.springframework.boot.web.embedded.tomcat.TomcatWebServer [main] Tomcat started on port(s): 8081 (http) with context path ''
2019-12-06 08:39:15,080 INFO org.springframework.cloud.netflix.eureka.serviceregistry.EurekaAutoServiceRegistration [main] Updating port to 8081
2019-12-06 08:39:15,085 INFO org.springframework.boot.StartupInfoLogger [main] Started ItemService in 15.638 seconds (JVM running for 16.075)
2019-12-06 08:39:29,736 INFO org.apache.juli.logging.DirectJDKLog [http-nio-8081-exec-2] Initializing Spring DispatcherServlet 'dispatcherServlet'
2019-12-06 08:39:29,736 INFO org.springframework.web.servlet.FrameworkServlet [http-nio-8081-exec-2] Initializing Servlet 'dispatcherServlet'
2019-12-06 08:39:29,761 INFO org.springframework.web.servlet.FrameworkServlet [http-nio-8081-exec-2] Completed initialization in 25 ms
2019-12-06 08:39:29,797 INFO com.pilon.example.item.rest.LoggingAspect [http-nio-8081-exec-2] execution(ItemController.getItem(..))
2019-12-06 08:39:29,802 INFO com.pilon.example.item.rest.LoggingAspect [http-nio-8081-exec-2] execution(CrudRepository.findById(..))
2019-12-06 08:40:22,521 INFO org.springframework.context.support.PostProcessorRegistrationDelegate$BeanPostProcessorChecker [main] Bean 'org.springframework.cloud.autoconfigure.ConfigurationPropertiesRebinderAutoConfiguration' of type [org.springframework.cloud.autoconfigure.ConfigurationPropertiesRebinderAutoConfiguration$$EnhancerBySpringCGLIB$$e47494a7] is not eligible for getting processed by all BeanPostProcessors (for example: not eligible for auto-proxying)
2019-12-06 08:40:22,659 INFO org.springframework.boot.SpringApplication [main] No active profile set, falling back to default profiles: default
2019-12-06 08:40:23,394 INFO org.springframework.data.repository.config.RepositoryConfigurationDelegate [main] Bootstrapping Spring Data repositories in DEFAULT mode.
2019-12-06 08:40:23,577 INFO org.springframework.data.repository.config.RepositoryConfigurationDelegate [main] Finished Spring Data repository scanning in 177ms. Found 2 repository interfaces.
2019-12-06 08:40:23,704 WARN org.springframework.boot.actuate.endpoint.EndpointId [main] Endpoint ID 'service-registry' contains invalid characters, please migrate to a valid format.
2019-12-06 08:40:23,984 INFO org.springframework.cloud.context.scope.GenericScope [main] BeanFactory id=4d7fe9d7-c98b-3963-8023-5bdc3cdf2f7f
2019-12-06 08:40:24,001 INFO org.springframework.integration.config.DefaultConfiguringBeanFactoryPostProcessor [main] No bean named 'errorChannel' has been explicitly defined. Therefore, a default PublishSubscribeChannel will be created.
2019-12-06 08:40:24,004 INFO org.springframework.integration.config.DefaultConfiguringBeanFactoryPostProcessor [main] No bean named 'taskScheduler' has been explicitly defined. Therefore, a default ThreadPoolTaskScheduler will be created.
2019-12-06 08:40:24,008 INFO org.springframework.integration.config.DefaultConfiguringBeanFactoryPostProcessor [main] No bean named 'integrationHeaderChannelRegistry' has been explicitly defined. Therefore, a default DefaultHeaderChannelRegistry will be created.
2019-12-06 08:40:24,150 INFO org.springframework.context.support.PostProcessorRegistrationDelegate$BeanPostProcessorChecker [main] Bean 'org.springframework.transaction.annotation.ProxyTransactionManagementConfiguration' of type [org.springframework.transaction.annotation.ProxyTransactionManagementConfiguration$$EnhancerBySpringCGLIB$$c85a91aa] is not eligible for getting processed by all BeanPostProcessors (for example: not eligible for auto-proxying)
2019-12-06 08:40:24,241 INFO org.springframework.context.support.PostProcessorRegistrationDelegate$BeanPostProcessorChecker [main] Bean 'org.springframework.integration.config.IntegrationManagementConfiguration' of type [org.springframework.integration.config.IntegrationManagementConfiguration$$EnhancerBySpringCGLIB$$334c4cd9] is not eligible for getting processed by all BeanPostProcessors (for example: not eligible for auto-proxying)
2019-12-06 08:40:24,263 INFO org.springframework.context.support.PostProcessorRegistrationDelegate$BeanPostProcessorChecker [main] Bean 'integrationDisposableAutoCreatedBeans' of type [org.springframework.integration.config.annotation.Disposables] is not eligible for getting processed by all BeanPostProcessors (for example: not eligible for auto-proxying)
2019-12-06 08:40:24,293 INFO org.springframework.context.support.PostProcessorRegistrationDelegate$BeanPostProcessorChecker [main] Bean 'org.springframework.hateoas.config.HateoasConfiguration' of type [org.springframework.hateoas.config.HateoasConfiguration$$EnhancerBySpringCGLIB$$47dadedc] is not eligible for getting processed by all BeanPostProcessors (for example: not eligible for auto-proxying)
2019-12-06 08:40:24,308 INFO org.springframework.context.support.PostProcessorRegistrationDelegate$BeanPostProcessorChecker [main] Bean 'org.springframework.cloud.autoconfigure.ConfigurationPropertiesRebinderAutoConfiguration' of type [org.springframework.cloud.autoconfigure.ConfigurationPropertiesRebinderAutoConfiguration$$EnhancerBySpringCGLIB$$e47494a7] is not eligible for getting processed by all BeanPostProcessors (for example: not eligible for auto-proxying)
2019-12-06 08:40:24,686 INFO org.springframework.boot.web.embedded.tomcat.TomcatWebServer [main] Tomcat initialized with port(s): 8081 (http)
2019-12-06 08:40:24,703 INFO org.apache.juli.logging.DirectJDKLog [main] Initializing ProtocolHandler ["http-nio-8081"]
2019-12-06 08:40:24,715 INFO org.apache.juli.logging.DirectJDKLog [main] Starting service [Tomcat]
2019-12-06 08:40:24,716 INFO org.apache.juli.logging.DirectJDKLog [main] Starting Servlet engine: [Apache Tomcat/9.0.21]
2019-12-06 08:40:24,786 INFO org.apache.juli.logging.DirectJDKLog [main] Initializing Spring embedded WebApplicationContext
2019-12-06 08:40:24,787 INFO org.springframework.boot.web.servlet.context.ServletWebServerApplicationContext [main] Root WebApplicationContext: initialization completed in 2117 ms
2019-12-06 08:40:24,997 WARN com.netflix.config.sources.URLConfigurationSource [main] No URLs will be polled as dynamic configuration sources.
2019-12-06 08:40:24,997 INFO com.netflix.config.sources.URLConfigurationSource [main] To enable URLs as dynamic configuration sources, define System property archaius.configurationSource.additionalUrls or make config.properties available on classpath.
2019-12-06 08:40:25,010 INFO com.netflix.config.DynamicPropertyFactory [main] DynamicPropertyFactory is initialized with configuration sources: com.netflix.config.ConcurrentCompositeConfiguration@5faeeb56
2019-12-06 08:40:26,206 INFO com.zaxxer.hikari.HikariDataSource [main] HikariPool-1 - Starting...
2019-12-06 08:40:26,308 INFO com.zaxxer.hikari.HikariDataSource [main] HikariPool-1 - Start completed.
2019-12-06 08:40:26,365 INFO org.hibernate.jpa.internal.util.LogHelper [main] HHH000204: Processing PersistenceUnitInfo [
	name: default
	...]
2019-12-06 08:40:26,427 INFO org.hibernate.Version [main] HHH000412: Hibernate Core {5.3.10.Final}
2019-12-06 08:40:26,429 INFO org.hibernate.cfg.Environment [main] HHH000206: hibernate.properties not found
2019-12-06 08:40:26,571 INFO org.hibernate.annotations.common.reflection.java.JavaReflectionManager [main] HCANN000001: Hibernate Commons Annotations {5.0.4.Final}
2019-12-06 08:40:26,687 INFO org.hibernate.dialect.Dialect [main] HHH000400: Using dialect: org.hibernate.dialect.PostgreSQLDialect
2019-12-06 08:40:26,702 INFO org.hibernate.engine.jdbc.env.internal.LobCreatorBuilderImpl [main] HHH000422: Disabling contextual LOB creation as connection was null
2019-12-06 08:40:26,706 INFO org.hibernate.type.BasicTypeRegistry [main] HHH000270: Type registration [java.util.UUID] overrides previous : org.hibernate.type.UUIDBinaryType@2f73f0c7
2019-12-06 08:40:27,258 INFO org.springframework.orm.jpa.AbstractEntityManagerFactoryBean [main] Initialized JPA EntityManagerFactory for persistence unit 'default'
2019-12-06 08:40:27,650 INFO org.springframework.scheduling.concurrent.ExecutorConfigurationSupport [main] Initializing ExecutorService 'taskScheduler'
2019-12-06 08:40:28,164 WARN org.springframework.boot.autoconfigure.orm.jpa.JpaBaseConfiguration$JpaWebConfiguration$JpaWebMvcConfiguration [main] spring.jpa.open-in-view is enabled by default. Therefore, database queries may be performed during view rendering. Explicitly configure spring.jpa.open-in-view to disable this warning
2019-12-06 08:40:28,487 INFO com.pilon.example.item.rest.LoggingAspect [main] execution(WebMVCViewConfiguration.templateResolver())
2019-12-06 08:40:28,508 INFO com.pilon.example.item.rest.LoggingAspect [main] execution(WebMVCViewConfiguration.templateEngine())
2019-12-06 08:40:28,540 INFO com.pilon.example.item.rest.LoggingAspect [main] execution(WebMVCViewConfiguration.viewResolver())
2019-12-06 08:40:28,764 WARN com.netflix.config.sources.URLConfigurationSource [main] No URLs will be polled as dynamic configuration sources.
2019-12-06 08:40:28,764 INFO com.netflix.config.sources.URLConfigurationSource [main] To enable URLs as dynamic configuration sources, define System property archaius.configurationSource.additionalUrls or make config.properties available on classpath.
2019-12-06 08:40:29,956 INFO org.springframework.boot.actuate.endpoint.web.EndpointLinksResolver [main] Exposing 2 endpoint(s) beneath base path '/actuator'
2019-12-06 08:40:30,217 INFO org.springframework.integration.endpoint.EventDrivenConsumer [main] Adding {object-to-json-transformer:itemToJsonTransformer} as a subscriber to the 'itemChannel' channel
2019-12-06 08:40:30,217 INFO org.springframework.integration.channel.AbstractSubscribableChannel [main] Channel 'application-1.itemChannel' has 1 subscriber(s).
2019-12-06 08:40:30,217 INFO org.springframework.integration.endpoint.AbstractEndpoint [main] started itemToJsonTransformer
2019-12-06 08:40:30,217 INFO org.springframework.integration.endpoint.EventDrivenConsumer [main] Adding {jms:outbound-channel-adapter:itemOutboundChannelAdaper} as a subscriber to the 'itemJSONChannel' channel
2019-12-06 08:40:30,218 INFO org.springframework.integration.channel.AbstractSubscribableChannel [main] Channel 'application-1.itemJSONChannel' has 1 subscriber(s).
2019-12-06 08:40:30,218 INFO org.springframework.integration.endpoint.AbstractEndpoint [main] started itemOutboundChannelAdaper
2019-12-06 08:40:30,218 INFO org.springframework.integration.endpoint.EventDrivenConsumer [main] Adding {logging-channel-adapter:_org.springframework.integration.errorLogger} as a subscriber to the 'errorChannel' channel
2019-12-06 08:40:30,218 INFO org.springframework.integration.channel.AbstractSubscribableChannel [main] Channel 'application-1.errorChannel' has 1 subscriber(s).
2019-12-06 08:40:30,218 INFO org.springframework.integration.endpoint.AbstractEndpoint [main] started _org.springframework.integration.errorLogger
2019-12-06 08:40:30,218 INFO org.springframework.integration.endpoint.AbstractEndpoint [main] started itemGateway
2019-12-06 08:40:30,219 INFO org.springframework.integration.endpoint.AbstractEndpoint [main] started itemGateway
2019-12-06 08:40:30,240 INFO org.springframework.cloud.netflix.eureka.InstanceInfoFactory [main] Setting initial instance status as: STARTING
2019-12-06 08:40:30,293 INFO com.netflix.discovery.DiscoveryClient [main] Initializing Eureka in region us-east-1
2019-12-06 08:40:30,508 INFO com.netflix.discovery.provider.DiscoveryJerseyProvider [main] Using JSON encoding codec LegacyJacksonJson
2019-12-06 08:40:30,508 INFO com.netflix.discovery.provider.DiscoveryJerseyProvider [main] Using JSON decoding codec LegacyJacksonJson
2019-12-06 08:40:30,626 INFO com.netflix.discovery.provider.DiscoveryJerseyProvider [main] Using XML encoding codec XStreamXml
2019-12-06 08:40:30,626 INFO com.netflix.discovery.provider.DiscoveryJerseyProvider [main] Using XML decoding codec XStreamXml
2019-12-06 08:40:30,754 INFO com.netflix.discovery.shared.resolver.aws.ConfigClusterResolver [main] Resolving eureka endpoints via configuration
2019-12-06 08:40:30,775 INFO com.netflix.discovery.DiscoveryClient [main] Disable delta property : false
2019-12-06 08:40:30,775 INFO com.netflix.discovery.DiscoveryClient [main] Single vip registry refresh property : null
2019-12-06 08:40:30,775 INFO com.netflix.discovery.DiscoveryClient [main] Force full registry fetch : false
2019-12-06 08:40:30,775 INFO com.netflix.discovery.DiscoveryClient [main] Application is null : false
2019-12-06 08:40:30,776 INFO com.netflix.discovery.DiscoveryClient [main] Registered Applications size is zero : true
2019-12-06 08:40:30,776 INFO com.netflix.discovery.DiscoveryClient [main] Application version is -1: true
2019-12-06 08:40:30,776 INFO com.netflix.discovery.DiscoveryClient [main] Getting all instance registry info from the eureka server
2019-12-06 08:40:30,918 INFO com.netflix.discovery.DiscoveryClient [main] The response status is 200
2019-12-06 08:40:30,920 INFO com.netflix.discovery.DiscoveryClient [main] Starting heartbeat executor: renew interval is: 30
2019-12-06 08:40:30,923 INFO com.netflix.discovery.InstanceInfoReplicator [main] InstanceInfoReplicator onDemand update allowed rate per min is 4
2019-12-06 08:40:30,925 INFO com.netflix.discovery.DiscoveryClient [main] Discovery Client initialized at timestamp 1575643230924 with initial instances count: 2
2019-12-06 08:40:30,932 INFO org.springframework.cloud.netflix.eureka.serviceregistry.EurekaServiceRegistry [main] Registering application ITEM with eureka with status UP
2019-12-06 08:40:30,932 INFO com.netflix.discovery.DiscoveryClient$3 [main] Saw local status change event StatusChangeEvent [timestamp=1575643230932, current=UP, previous=STARTING]
2019-12-06 08:40:30,935 INFO com.netflix.discovery.DiscoveryClient [DiscoveryClient-InstanceInfoReplicator-0] DiscoveryClient_ITEM/msp42ctp110122.daugherty.com:item:8081: registering service...
2019-12-06 08:40:30,971 INFO com.netflix.discovery.DiscoveryClient [DiscoveryClient-InstanceInfoReplicator-0] DiscoveryClient_ITEM/msp42ctp110122.daugherty.com:item:8081 - registration status: 204
2019-12-06 08:40:30,973 INFO org.apache.juli.logging.DirectJDKLog [main] Starting ProtocolHandler ["http-nio-8081"]
2019-12-06 08:40:30,995 INFO org.springframework.boot.web.embedded.tomcat.TomcatWebServer [main] Tomcat started on port(s): 8081 (http) with context path ''
2019-12-06 08:40:30,996 INFO org.springframework.cloud.netflix.eureka.serviceregistry.EurekaAutoServiceRegistration [main] Updating port to 8081
2019-12-06 08:40:31,001 INFO org.springframework.boot.StartupInfoLogger [main] Started ItemService in 8.964 seconds (JVM running for 9.343)
2019-12-06 08:44:15,420 INFO org.springframework.cloud.netflix.eureka.serviceregistry.EurekaServiceRegistry [Thread-7] Unregistering application ITEM with eureka with status DOWN
2019-12-06 08:44:15,421 WARN com.netflix.discovery.DiscoveryClient$3 [Thread-7] Saw local status change event StatusChangeEvent [timestamp=1575643455421, current=DOWN, previous=UP]
2019-12-06 08:44:15,421 INFO com.netflix.discovery.DiscoveryClient [DiscoveryClient-InstanceInfoReplicator-0] DiscoveryClient_ITEM/msp42ctp110122.daugherty.com:item:8081: registering service...
2019-12-06 08:44:15,424 INFO org.springframework.integration.endpoint.AbstractEndpoint [Thread-7] stopped itemGateway
2019-12-06 08:44:15,424 INFO org.springframework.integration.endpoint.AbstractEndpoint [Thread-7] stopped itemGateway
2019-12-06 08:44:15,424 INFO org.springframework.integration.endpoint.EventDrivenConsumer [Thread-7] Removing {object-to-json-transformer:itemToJsonTransformer} as a subscriber to the 'itemChannel' channel
2019-12-06 08:44:15,424 INFO org.springframework.integration.channel.AbstractSubscribableChannel [Thread-7] Channel 'application-1.itemChannel' has 0 subscriber(s).
2019-12-06 08:44:15,424 INFO org.springframework.integration.endpoint.AbstractEndpoint [Thread-7] stopped itemToJsonTransformer
2019-12-06 08:44:15,424 INFO org.springframework.integration.endpoint.EventDrivenConsumer [Thread-7] Removing {jms:outbound-channel-adapter:itemOutboundChannelAdaper} as a subscriber to the 'itemJSONChannel' channel
2019-12-06 08:44:15,425 INFO org.springframework.integration.channel.AbstractSubscribableChannel [Thread-7] Channel 'application-1.itemJSONChannel' has 0 subscriber(s).
2019-12-06 08:44:15,425 INFO org.springframework.integration.endpoint.AbstractEndpoint [Thread-7] stopped itemOutboundChannelAdaper
2019-12-06 08:44:15,425 INFO org.springframework.integration.endpoint.EventDrivenConsumer [Thread-7] Removing {logging-channel-adapter:_org.springframework.integration.errorLogger} as a subscriber to the 'errorChannel' channel
2019-12-06 08:44:15,425 INFO org.springframework.integration.channel.AbstractSubscribableChannel [Thread-7] Channel 'application-1.errorChannel' has 0 subscriber(s).
2019-12-06 08:44:15,425 INFO org.springframework.integration.endpoint.AbstractEndpoint [Thread-7] stopped _org.springframework.integration.errorLogger
2019-12-06 08:44:15,427 INFO com.netflix.discovery.DiscoveryClient [DiscoveryClient-InstanceInfoReplicator-0] DiscoveryClient_ITEM/msp42ctp110122.daugherty.com:item:8081 - registration status: 204
2019-12-06 08:44:15,430 INFO org.springframework.scheduling.concurrent.ExecutorConfigurationSupport [Thread-7] Shutting down ExecutorService 'taskScheduler'
2019-12-06 08:44:15,431 INFO org.springframework.orm.jpa.AbstractEntityManagerFactoryBean [Thread-7] Closing JPA EntityManagerFactory for persistence unit 'default'
2019-12-06 08:44:15,434 INFO com.netflix.discovery.DiscoveryClient [Thread-7] Shutting down DiscoveryClient ...
2019-12-06 08:44:18,435 INFO com.netflix.discovery.DiscoveryClient [Thread-7] Unregistering ...
2019-12-06 08:44:18,443 INFO com.netflix.discovery.DiscoveryClient [Thread-7] DiscoveryClient_ITEM/msp42ctp110122.daugherty.com:item:8081 - deregister  status: 200
2019-12-06 08:44:18,452 INFO com.netflix.discovery.DiscoveryClient [Thread-7] Completed shut down of DiscoveryClient
2019-12-06 08:44:18,453 INFO com.zaxxer.hikari.HikariDataSource [Thread-7] HikariPool-1 - Shutdown initiated...
2019-12-06 08:44:18,457 INFO com.zaxxer.hikari.HikariDataSource [Thread-7] HikariPool-1 - Shutdown completed.
2019-12-06 08:44:27,063 INFO org.springframework.boot.SpringApplication [main] No active profile set, falling back to default profiles: default
2019-12-06 08:44:28,063 WARN org.springframework.boot.actuate.endpoint.EndpointId [main] Endpoint ID 'service-registry' contains invalid characters, please migrate to a valid format.
2019-12-06 08:44:29,258 WARN com.netflix.config.sources.URLConfigurationSource [main] No URLs will be polled as dynamic configuration sources.
2019-12-06 08:44:32,276 WARN org.springframework.boot.autoconfigure.orm.jpa.JpaBaseConfiguration$JpaWebConfiguration$JpaWebMvcConfiguration [main] spring.jpa.open-in-view is enabled by default. Therefore, database queries may be performed during view rendering. Explicitly configure spring.jpa.open-in-view to disable this warning
2019-12-06 08:44:32,554 INFO com.pilon.example.item.rest.LoggingAspect [main] execution(WebMVCViewConfiguration.templateResolver())
2019-12-06 08:44:32,572 INFO com.pilon.example.item.rest.LoggingAspect [main] execution(WebMVCViewConfiguration.templateEngine())
2019-12-06 08:44:32,596 INFO com.pilon.example.item.rest.LoggingAspect [main] execution(WebMVCViewConfiguration.viewResolver())
2019-12-06 08:44:32,763 WARN com.netflix.config.sources.URLConfigurationSource [main] No URLs will be polled as dynamic configuration sources.
2019-12-06 08:44:34,818 INFO org.springframework.boot.StartupInfoLogger [main] Started ItemService in 8.502 seconds (JVM running for 8.877)
2019-12-06 08:44:52,189 WARN com.netflix.discovery.DiscoveryClient$3 [Thread-7] Saw local status change event StatusChangeEvent [timestamp=1575643492189, current=DOWN, previous=UP]
2019-12-06 08:45:04,011 INFO org.springframework.boot.SpringApplication [main] No active profile set, falling back to default profiles: default
2019-12-06 08:45:05,003 WARN org.springframework.boot.actuate.endpoint.EndpointId [main] Endpoint ID 'service-registry' contains invalid characters, please migrate to a valid format.
2019-12-06 08:45:06,212 WARN com.netflix.config.sources.URLConfigurationSource [main] No URLs will be polled as dynamic configuration sources.
2019-12-06 08:45:09,313 WARN org.springframework.boot.autoconfigure.orm.jpa.JpaBaseConfiguration$JpaWebConfiguration$JpaWebMvcConfiguration [main] spring.jpa.open-in-view is enabled by default. Therefore, database queries may be performed during view rendering. Explicitly configure spring.jpa.open-in-view to disable this warning
2019-12-06 08:45:09,826 WARN com.netflix.config.sources.URLConfigurationSource [main] No URLs will be polled as dynamic configuration sources.
2019-12-06 08:45:11,971 INFO org.springframework.boot.StartupInfoLogger [main] Started ItemService in 8.577 seconds (JVM running for 8.95)
2019-12-06 08:50:44,703 INFO org.springframework.boot.SpringApplication [main] No active profile set, falling back to default profiles: default
2019-12-06 08:50:45,795 WARN org.springframework.boot.actuate.endpoint.EndpointId [main] Endpoint ID 'service-registry' contains invalid characters, please migrate to a valid format.
2019-12-06 08:50:47,186 WARN com.netflix.config.sources.URLConfigurationSource [main] No URLs will be polled as dynamic configuration sources.
2019-12-06 08:50:50,492 WARN org.springframework.boot.autoconfigure.orm.jpa.JpaBaseConfiguration$JpaWebConfiguration$JpaWebMvcConfiguration [main] spring.jpa.open-in-view is enabled by default. Therefore, database queries may be performed during view rendering. Explicitly configure spring.jpa.open-in-view to disable this warning
2019-12-06 08:50:50,850 DEBUG com.pilon.example.item.LoggingAspect [main] execution(ITemplateResolver com.pilon.example.item.webmvc.configuration.WebMVCViewConfiguration.templateResolver())
2019-12-06 08:50:50,868 DEBUG com.pilon.example.item.LoggingAspect [main] execution(SpringTemplateEngine com.pilon.example.item.webmvc.configuration.WebMVCViewConfiguration.templateEngine())
2019-12-06 08:50:50,896 DEBUG com.pilon.example.item.LoggingAspect [main] execution(ViewResolver com.pilon.example.item.webmvc.configuration.WebMVCViewConfiguration.viewResolver())
2019-12-06 08:50:51,099 WARN com.netflix.config.sources.URLConfigurationSource [main] No URLs will be polled as dynamic configuration sources.
2019-12-06 08:50:53,329 ERROR org.apache.juli.logging.DirectJDKLog [main] Failed to start component [Connector[HTTP/1.1-8081]]
org.apache.catalina.LifecycleException: Protocol handler start failed
	at org.apache.catalina.connector.Connector.startInternal(Connector.java:1008)
	at org.apache.catalina.util.LifecycleBase.start(LifecycleBase.java:183)
	at org.apache.catalina.core.StandardService.addConnector(StandardService.java:227)
	at org.springframework.boot.web.embedded.tomcat.TomcatWebServer.addPreviouslyRemovedConnectors(TomcatWebServer.java:263)
	at org.springframework.boot.web.embedded.tomcat.TomcatWebServer.start(TomcatWebServer.java:195)
	at org.springframework.boot.web.servlet.context.ServletWebServerApplicationContext.startWebServer(ServletWebServerApplicationContext.java:296)
	at org.springframework.boot.web.servlet.context.ServletWebServerApplicationContext.finishRefresh(ServletWebServerApplicationContext.java:162)
	at org.springframework.context.support.AbstractApplicationContext.refresh(AbstractApplicationContext.java:552)
	at org.springframework.boot.web.servlet.context.ServletWebServerApplicationContext.refresh(ServletWebServerApplicationContext.java:140)
	at org.springframework.boot.SpringApplication.refresh(SpringApplication.java:742)
	at org.springframework.boot.SpringApplication.refreshContext(SpringApplication.java:389)
	at org.springframework.boot.SpringApplication.run(SpringApplication.java:311)
	at org.springframework.boot.SpringApplication.run(SpringApplication.java:1213)
	at org.springframework.boot.SpringApplication.run(SpringApplication.java:1202)
	at com.pilon.example.item.ItemService.main(ItemService.java:14)
Caused by: java.net.BindException: Address already in use
	at sun.nio.ch.Net.bind0(Native Method)
	at sun.nio.ch.Net.bind(Net.java:433)
	at sun.nio.ch.Net.bind(Net.java:425)
	at sun.nio.ch.ServerSocketChannelImpl.bind(ServerSocketChannelImpl.java:223)
	at sun.nio.ch.ServerSocketAdaptor.bind(ServerSocketAdaptor.java:74)
	at org.apache.tomcat.util.net.NioEndpoint.initServerSocket(NioEndpoint.java:230)
	at org.apache.tomcat.util.net.NioEndpoint.bind(NioEndpoint.java:213)
	at org.apache.tomcat.util.net.AbstractEndpoint.bindWithCleanup(AbstractEndpoint.java:1124)
	at org.apache.tomcat.util.net.AbstractEndpoint.start(AbstractEndpoint.java:1210)
	at org.apache.coyote.AbstractProtocol.start(AbstractProtocol.java:585)
	at org.apache.catalina.connector.Connector.startInternal(Connector.java:1005)
	... 14 common frames omitted
2019-12-06 08:50:53,334 WARN org.apache.juli.logging.DirectJDKLog [main] The web application [ROOT] appears to have started a thread named [spring.cloud.inetutils] but has failed to stop it. This is very likely to create a memory leak. Stack trace of thread:
 sun.misc.Unsafe.park(Native Method)
 java.util.concurrent.locks.LockSupport.park(LockSupport.java:175)
 java.util.concurrent.locks.AbstractQueuedSynchronizer$ConditionObject.await(AbstractQueuedSynchronizer.java:2039)
 java.util.concurrent.LinkedBlockingQueue.take(LinkedBlockingQueue.java:442)
 java.util.concurrent.ThreadPoolExecutor.getTask(ThreadPoolExecutor.java:1074)
 java.util.concurrent.ThreadPoolExecutor.runWorker(ThreadPoolExecutor.java:1134)
 java.util.concurrent.ThreadPoolExecutor$Worker.run(ThreadPoolExecutor.java:624)
 java.lang.Thread.run(Thread.java:748)
2019-12-06 08:50:53,339 WARN com.netflix.discovery.DiscoveryClient$3 [main] Saw local status change event StatusChangeEvent [timestamp=1575643853339, current=DOWN, previous=UP]
2019-12-06 08:50:56,374 ERROR org.springframework.boot.diagnostics.LoggingFailureAnalysisReporter [main] 

***************************
APPLICATION FAILED TO START
***************************

Description:

The Tomcat connector configured to listen on port 8081 failed to start. The port may already be in use or the connector may be misconfigured.

Action:

Verify the connector's configuration, identify and stop any process that's listening on port 8081, or configure this application to listen on another port.

2019-12-06 08:51:15,595 WARN com.netflix.discovery.DiscoveryClient$3 [Thread-7] Saw local status change event StatusChangeEvent [timestamp=1575643875595, current=DOWN, previous=UP]
2019-12-06 08:51:27,552 INFO org.springframework.boot.SpringApplication [main] No active profile set, falling back to default profiles: default
2019-12-06 08:51:28,597 WARN org.springframework.boot.actuate.endpoint.EndpointId [main] Endpoint ID 'service-registry' contains invalid characters, please migrate to a valid format.
2019-12-06 08:51:29,891 WARN com.netflix.config.sources.URLConfigurationSource [main] No URLs will be polled as dynamic configuration sources.
2019-12-06 08:51:32,993 WARN org.springframework.boot.autoconfigure.orm.jpa.JpaBaseConfiguration$JpaWebConfiguration$JpaWebMvcConfiguration [main] spring.jpa.open-in-view is enabled by default. Therefore, database queries may be performed during view rendering. Explicitly configure spring.jpa.open-in-view to disable this warning
2019-12-06 08:51:33,287 DEBUG com.pilon.example.item.LoggingAspect [main] execution(ITemplateResolver com.pilon.example.item.webmvc.configuration.WebMVCViewConfiguration.templateResolver())
2019-12-06 08:51:33,306 DEBUG com.pilon.example.item.LoggingAspect [main] execution(SpringTemplateEngine com.pilon.example.item.webmvc.configuration.WebMVCViewConfiguration.templateEngine())
2019-12-06 08:51:33,330 DEBUG com.pilon.example.item.LoggingAspect [main] execution(ViewResolver com.pilon.example.item.webmvc.configuration.WebMVCViewConfiguration.viewResolver())
2019-12-06 08:51:33,506 WARN com.netflix.config.sources.URLConfigurationSource [main] No URLs will be polled as dynamic configuration sources.
2019-12-06 08:51:35,649 INFO org.springframework.boot.StartupInfoLogger [main] Started ItemService in 8.762 seconds (JVM running for 9.937)
2019-12-06 08:51:51,259 DEBUG com.pilon.example.item.LoggingAspect [http-nio-8081-exec-2] execution(Item com.pilon.example.item.rest.ItemController.getItem(long))
2019-12-06 08:51:51,264 DEBUG com.pilon.example.item.LoggingAspect [http-nio-8081-exec-2] execution(Optional org.springframework.data.repository.CrudRepository.findById(Object))
